<?xml version="1.0" encoding="UTF-8"?>
<testsuite xmlns:xsi="http://www.w3.org/2001/XMLSchema-instance" xsi:noNamespaceSchemaLocation="https://maven.apache.org/surefire/maven-surefire-plugin/xsd/surefire-test-report.xsd" name="com.tecacet.payments.CamelRoutesTest" time="14.018" tests="1" errors="0" skipped="0" failures="0">
  <properties>
    <property name="java.specification.version" value="17"/>
    <property name="sun.cpu.isalist" value="amd64"/>
    <property name="sun.jnu.encoding" value="Cp1252"/>
    <property name="java.class.path" value="C:\Users\dimitri\workspaces\poc\payments\camel-spring\target\test-classes;C:\Users\dimitri\workspaces\poc\payments\camel-spring\target\classes;C:\Users\dimitri\.m2\repository\org\springframework\boot\spring-boot-starter-actuator\2.6.9\spring-boot-starter-actuator-2.6.9.jar;C:\Users\dimitri\.m2\repository\org\springframework\boot\spring-boot-starter\2.6.9\spring-boot-starter-2.6.9.jar;C:\Users\dimitri\.m2\repository\org\springframework\boot\spring-boot-starter-logging\2.6.9\spring-boot-starter-logging-2.6.9.jar;C:\Users\dimitri\.m2\repository\ch\qos\logback\logback-classic\1.2.11\logback-classic-1.2.11.jar;C:\Users\dimitri\.m2\repository\ch\qos\logback\logback-core\1.2.11\logback-core-1.2.11.jar;C:\Users\dimitri\.m2\repository\org\apache\logging\log4j\log4j-to-slf4j\2.17.2\log4j-to-slf4j-2.17.2.jar;C:\Users\dimitri\.m2\repository\org\apache\logging\log4j\log4j-api\2.17.2\log4j-api-2.17.2.jar;C:\Users\dimitri\.m2\repository\org\slf4j\jul-to-slf4j\1.7.36\jul-to-slf4j-1.7.36.jar;C:\Users\dimitri\.m2\repository\jakarta\annotation\jakarta.annotation-api\1.3.5\jakarta.annotation-api-1.3.5.jar;C:\Users\dimitri\.m2\repository\org\yaml\snakeyaml\1.29\snakeyaml-1.29.jar;C:\Users\dimitri\.m2\repository\org\springframework\boot\spring-boot-actuator-autoconfigure\2.6.9\spring-boot-actuator-autoconfigure-2.6.9.jar;C:\Users\dimitri\.m2\repository\org\springframework\boot\spring-boot-actuator\2.6.9\spring-boot-actuator-2.6.9.jar;C:\Users\dimitri\.m2\repository\com\fasterxml\jackson\core\jackson-databind\2.13.3\jackson-databind-2.13.3.jar;C:\Users\dimitri\.m2\repository\com\fasterxml\jackson\core\jackson-core\2.13.3\jackson-core-2.13.3.jar;C:\Users\dimitri\.m2\repository\com\fasterxml\jackson\datatype\jackson-datatype-jsr310\2.13.3\jackson-datatype-jsr310-2.13.3.jar;C:\Users\dimitri\.m2\repository\io\micrometer\micrometer-core\1.8.7\micrometer-core-1.8.7.jar;C:\Users\dimitri\.m2\repository\org\hdrhistogram\HdrHistogram\2.1.12\HdrHistogram-2.1.12.jar;C:\Users\dimitri\.m2\repository\org\latencyutils\LatencyUtils\2.0.3\LatencyUtils-2.0.3.jar;C:\Users\dimitri\.m2\repository\org\springframework\boot\spring-boot-starter-amqp\2.6.9\spring-boot-starter-amqp-2.6.9.jar;C:\Users\dimitri\.m2\repository\org\springframework\spring-messaging\5.3.21\spring-messaging-5.3.21.jar;C:\Users\dimitri\.m2\repository\org\springframework\spring-beans\5.3.21\spring-beans-5.3.21.jar;C:\Users\dimitri\.m2\repository\org\springframework\amqp\spring-rabbit\2.4.6\spring-rabbit-2.4.6.jar;C:\Users\dimitri\.m2\repository\org\springframework\amqp\spring-amqp\2.4.6\spring-amqp-2.4.6.jar;C:\Users\dimitri\.m2\repository\com\rabbitmq\amqp-client\5.13.1\amqp-client-5.13.1.jar;C:\Users\dimitri\.m2\repository\org\springframework\boot\spring-boot-starter-batch\2.6.9\spring-boot-starter-batch-2.6.9.jar;C:\Users\dimitri\.m2\repository\org\springframework\boot\spring-boot-starter-jdbc\2.6.9\spring-boot-starter-jdbc-2.6.9.jar;C:\Users\dimitri\.m2\repository\com\zaxxer\HikariCP\4.0.3\HikariCP-4.0.3.jar;C:\Users\dimitri\.m2\repository\org\springframework\batch\spring-batch-core\4.3.6\spring-batch-core-4.3.6.jar;C:\Users\dimitri\.m2\repository\javax\batch\javax.batch-api\1.0\javax.batch-api-1.0.jar;C:\Users\dimitri\.m2\repository\org\codehaus\jettison\jettison\1.2\jettison-1.2.jar;C:\Users\dimitri\.m2\repository\org\springframework\batch\spring-batch-infrastructure\4.3.6\spring-batch-infrastructure-4.3.6.jar;C:\Users\dimitri\.m2\repository\org\springframework\spring-aop\5.3.21\spring-aop-5.3.21.jar;C:\Users\dimitri\.m2\repository\org\springframework\boot\spring-boot-starter-freemarker\2.6.9\spring-boot-starter-freemarker-2.6.9.jar;C:\Users\dimitri\.m2\repository\org\freemarker\freemarker\2.3.31\freemarker-2.3.31.jar;C:\Users\dimitri\.m2\repository\org\springframework\spring-context-support\5.3.21\spring-context-support-5.3.21.jar;C:\Users\dimitri\.m2\repository\org\springframework\boot\spring-boot-starter-hateoas\2.6.9\spring-boot-starter-hateoas-2.6.9.jar;C:\Users\dimitri\.m2\repository\org\springframework\hateoas\spring-hateoas\1.4.4\spring-hateoas-1.4.4.jar;C:\Users\dimitri\.m2\repository\org\springframework\plugin\spring-plugin-core\2.0.0.RELEASE\spring-plugin-core-2.0.0.RELEASE.jar;C:\Users\dimitri\.m2\repository\org\springframework\boot\spring-boot-starter-data-jpa\2.6.9\spring-boot-starter-data-jpa-2.6.9.jar;C:\Users\dimitri\.m2\repository\org\springframework\boot\spring-boot-starter-aop\2.6.9\spring-boot-starter-aop-2.6.9.jar;C:\Users\dimitri\.m2\repository\org\aspectj\aspectjweaver\1.9.7\aspectjweaver-1.9.7.jar;C:\Users\dimitri\.m2\repository\jakarta\transaction\jakarta.transaction-api\1.3.3\jakarta.transaction-api-1.3.3.jar;C:\Users\dimitri\.m2\repository\jakarta\persistence\jakarta.persistence-api\2.2.3\jakarta.persistence-api-2.2.3.jar;C:\Users\dimitri\.m2\repository\org\hibernate\hibernate-core\5.6.9.Final\hibernate-core-5.6.9.Final.jar;C:\Users\dimitri\.m2\repository\org\jboss\logging\jboss-logging\3.4.3.Final\jboss-logging-3.4.3.Final.jar;C:\Users\dimitri\.m2\repository\net\bytebuddy\byte-buddy\1.11.22\byte-buddy-1.11.22.jar;C:\Users\dimitri\.m2\repository\antlr\antlr\2.7.7\antlr-2.7.7.jar;C:\Users\dimitri\.m2\repository\org\jboss\jandex\2.4.2.Final\jandex-2.4.2.Final.jar;C:\Users\dimitri\.m2\repository\com\fasterxml\classmate\1.5.1\classmate-1.5.1.jar;C:\Users\dimitri\.m2\repository\org\hibernate\common\hibernate-commons-annotations\5.1.2.Final\hibernate-commons-annotations-5.1.2.Final.jar;C:\Users\dimitri\.m2\repository\org\glassfish\jaxb\jaxb-runtime\2.3.6\jaxb-runtime-2.3.6.jar;C:\Users\dimitri\.m2\repository\org\glassfish\jaxb\txw2\2.3.6\txw2-2.3.6.jar;C:\Users\dimitri\.m2\repository\com\sun\istack\istack-commons-runtime\3.0.12\istack-commons-runtime-3.0.12.jar;C:\Users\dimitri\.m2\repository\org\springframework\data\spring-data-jpa\2.6.5\spring-data-jpa-2.6.5.jar;C:\Users\dimitri\.m2\repository\org\springframework\data\spring-data-commons\2.6.5\spring-data-commons-2.6.5.jar;C:\Users\dimitri\.m2\repository\org\springframework\spring-orm\5.3.21\spring-orm-5.3.21.jar;C:\Users\dimitri\.m2\repository\org\springframework\spring-aspects\5.3.21\spring-aspects-5.3.21.jar;C:\Users\dimitri\.m2\repository\org\springframework\boot\spring-boot-starter-mail\2.6.9\spring-boot-starter-mail-2.6.9.jar;C:\Users\dimitri\.m2\repository\com\sun\mail\jakarta.mail\1.6.7\jakarta.mail-1.6.7.jar;C:\Users\dimitri\.m2\repository\com\sun\activation\jakarta.activation\1.2.2\jakarta.activation-1.2.2.jar;C:\Users\dimitri\.m2\repository\org\springframework\boot\spring-boot-starter-validation\2.6.9\spring-boot-starter-validation-2.6.9.jar;C:\Users\dimitri\.m2\repository\org\apache\tomcat\embed\tomcat-embed-el\9.0.64\tomcat-embed-el-9.0.64.jar;C:\Users\dimitri\.m2\repository\org\hibernate\validator\hibernate-validator\6.2.3.Final\hibernate-validator-6.2.3.Final.jar;C:\Users\dimitri\.m2\repository\jakarta\validation\jakarta.validation-api\2.0.2\jakarta.validation-api-2.0.2.jar;C:\Users\dimitri\.m2\repository\org\springframework\boot\spring-boot-starter-web\2.6.9\spring-boot-starter-web-2.6.9.jar;C:\Users\dimitri\.m2\repository\org\springframework\boot\spring-boot-starter-json\2.6.9\spring-boot-starter-json-2.6.9.jar;C:\Users\dimitri\.m2\repository\com\fasterxml\jackson\datatype\jackson-datatype-jdk8\2.13.3\jackson-datatype-jdk8-2.13.3.jar;C:\Users\dimitri\.m2\repository\com\fasterxml\jackson\module\jackson-module-parameter-names\2.13.3\jackson-module-parameter-names-2.13.3.jar;C:\Users\dimitri\.m2\repository\org\springframework\boot\spring-boot-starter-tomcat\2.6.9\spring-boot-starter-tomcat-2.6.9.jar;C:\Users\dimitri\.m2\repository\org\apache\tomcat\embed\tomcat-embed-core\9.0.64\tomcat-embed-core-9.0.64.jar;C:\Users\dimitri\.m2\repository\org\apache\tomcat\embed\tomcat-embed-websocket\9.0.64\tomcat-embed-websocket-9.0.64.jar;C:\Users\dimitri\.m2\repository\org\springframework\spring-web\5.3.21\spring-web-5.3.21.jar;C:\Users\dimitri\.m2\repository\org\springframework\spring-webmvc\5.3.21\spring-webmvc-5.3.21.jar;C:\Users\dimitri\.m2\repository\org\springframework\spring-expression\5.3.21\spring-expression-5.3.21.jar;C:\Users\dimitri\.m2\repository\org\apache\camel\springboot\camel-spring-boot-starter\3.17.0\camel-spring-boot-starter-3.17.0.jar;C:\Users\dimitri\.m2\repository\org\apache\camel\springboot\camel-spring-boot\3.17.0\camel-spring-boot-3.17.0.jar;C:\Users\dimitri\.m2\repository\org\apache\camel\camel-spring\3.17.0\camel-spring-3.17.0.jar;C:\Users\dimitri\.m2\repository\org\apache\camel\camel-management-api\3.17.0\camel-management-api-3.17.0.jar;C:\Users\dimitri\.m2\repository\org\apache\camel\camel-spring-main\3.17.0\camel-spring-main-3.17.0.jar;C:\Users\dimitri\.m2\repository\org\apache\camel\camel-main\3.17.0\camel-main-3.17.0.jar;C:\Users\dimitri\.m2\repository\org\apache\camel\camel-base\3.17.0\camel-base-3.17.0.jar;C:\Users\dimitri\.m2\repository\org\apache\camel\camel-core-languages\3.17.0\camel-core-languages-3.17.0.jar;C:\Users\dimitri\.m2\repository\org\apache\camel\camel-xml-jaxb-dsl\3.17.0\camel-xml-jaxb-dsl-3.17.0.jar;C:\Users\dimitri\.m2\repository\org\apache\camel\camel-xml-jaxb\3.17.0\camel-xml-jaxb-3.17.0.jar;C:\Users\dimitri\.m2\repository\com\sun\xml\bind\jaxb-core\2.3.0\jaxb-core-2.3.0.jar;C:\Users\dimitri\.m2\repository\com\sun\xml\bind\jaxb-impl\2.3.3\jaxb-impl-2.3.3.jar;C:\Users\dimitri\.m2\repository\org\apache\camel\camel-dsl-support\3.17.0\camel-dsl-support-3.17.0.jar;C:\Users\dimitri\.m2\repository\org\apache\camel\camel-spring-xml\3.17.0\camel-spring-xml-3.17.0.jar;C:\Users\dimitri\.m2\repository\org\apache\camel\camel-core-xml\3.17.0\camel-core-xml-3.17.0.jar;C:\Users\dimitri\.m2\repository\javax\annotation\javax.annotation-api\1.3.2\javax.annotation-api-1.3.2.jar;C:\Users\dimitri\.m2\repository\org\apache\camel\camel-cloud\3.17.0\camel-cloud-3.17.0.jar;C:\Users\dimitri\.m2\repository\org\apache\camel\camel-core-model\3.17.0\camel-core-model-3.17.0.jar;C:\Users\dimitri\.m2\repository\org\apache\camel\camel-core-processor\3.17.0\camel-core-processor-3.17.0.jar;C:\Users\dimitri\.m2\repository\org\apache\camel\camel-cluster\3.17.0\camel-cluster-3.17.0.jar;C:\Users\dimitri\.m2\repository\org\apache\camel\camel-base-engine\3.17.0\camel-base-engine-3.17.0.jar;C:\Users\dimitri\.m2\repository\org\apache\camel\camel-health\3.17.0\camel-health-3.17.0.jar;C:\Users\dimitri\.m2\repository\org\apache\camel\springboot\camel-core-starter\3.17.0\camel-core-starter-3.17.0.jar;C:\Users\dimitri\.m2\repository\org\apache\camel\camel-core-engine\3.17.0\camel-core-engine-3.17.0.jar;C:\Users\dimitri\.m2\repository\org\apache\camel\camel-api\3.17.0\camel-api-3.17.0.jar;C:\Users\dimitri\.m2\repository\org\apache\camel\camel-core-reifier\3.17.0\camel-core-reifier-3.17.0.jar;C:\Users\dimitri\.m2\repository\org\apache\camel\camel-support\3.17.0\camel-support-3.17.0.jar;C:\Users\dimitri\.m2\repository\org\apache\camel\camel-util\3.17.0\camel-util-3.17.0.jar;C:\Users\dimitri\.m2\repository\org\apache\camel\springboot\camel-bean-starter\3.17.0\camel-bean-starter-3.17.0.jar;C:\Users\dimitri\.m2\repository\org\apache\camel\camel-bean\3.17.0\camel-bean-3.17.0.jar;C:\Users\dimitri\.m2\repository\org\apache\camel\springboot\camel-browse-starter\3.17.0\camel-browse-starter-3.17.0.jar;C:\Users\dimitri\.m2\repository\org\apache\camel\camel-browse\3.17.0\camel-browse-3.17.0.jar;C:\Users\dimitri\.m2\repository\org\apache\camel\springboot\camel-controlbus-starter\3.17.0\camel-controlbus-starter-3.17.0.jar;C:\Users\dimitri\.m2\repository\org\apache\camel\camel-controlbus\3.17.0\camel-controlbus-3.17.0.jar;C:\Users\dimitri\.m2\repository\org\apache\camel\springboot\camel-dataformat-starter\3.17.0\camel-dataformat-starter-3.17.0.jar;C:\Users\dimitri\.m2\repository\org\apache\camel\camel-dataformat\3.17.0\camel-dataformat-3.17.0.jar;C:\Users\dimitri\.m2\repository\org\apache\camel\springboot\camel-dataset-starter\3.17.0\camel-dataset-starter-3.17.0.jar;C:\Users\dimitri\.m2\repository\org\apache\camel\camel-dataset\3.17.0\camel-dataset-3.17.0.jar;C:\Users\dimitri\.m2\repository\org\apache\camel\springboot\camel-direct-starter\3.17.0\camel-direct-starter-3.17.0.jar;C:\Users\dimitri\.m2\repository\org\apache\camel\camel-direct\3.17.0\camel-direct-3.17.0.jar;C:\Users\dimitri\.m2\repository\org\apache\camel\springboot\camel-directvm-starter\3.17.0\camel-directvm-starter-3.17.0.jar;C:\Users\dimitri\.m2\repository\org\apache\camel\camel-directvm\3.17.0\camel-directvm-3.17.0.jar;C:\Users\dimitri\.m2\repository\org\apache\camel\springboot\camel-file-starter\3.17.0\camel-file-starter-3.17.0.jar;C:\Users\dimitri\.m2\repository\org\apache\camel\camel-file\3.17.0\camel-file-3.17.0.jar;C:\Users\dimitri\.m2\repository\org\apache\camel\springboot\camel-language-starter\3.17.0\camel-language-starter-3.17.0.jar;C:\Users\dimitri\.m2\repository\org\apache\camel\camel-language\3.17.0\camel-language-3.17.0.jar;C:\Users\dimitri\.m2\repository\org\apache\camel\springboot\camel-log-starter\3.17.0\camel-log-starter-3.17.0.jar;C:\Users\dimitri\.m2\repository\org\apache\camel\camel-log\3.17.0\camel-log-3.17.0.jar;C:\Users\dimitri\.m2\repository\org\apache\camel\springboot\camel-mock-starter\3.17.0\camel-mock-starter-3.17.0.jar;C:\Users\dimitri\.m2\repository\org\apache\camel\camel-mock\3.17.0\camel-mock-3.17.0.jar;C:\Users\dimitri\.m2\repository\org\apache\camel\springboot\camel-ref-starter\3.17.0\camel-ref-starter-3.17.0.jar;C:\Users\dimitri\.m2\repository\org\apache\camel\camel-ref\3.17.0\camel-ref-3.17.0.jar;C:\Users\dimitri\.m2\repository\org\apache\camel\springboot\camel-rest-starter\3.17.0\camel-rest-starter-3.17.0.jar;C:\Users\dimitri\.m2\repository\org\apache\camel\camel-rest\3.17.0\camel-rest-3.17.0.jar;C:\Users\dimitri\.m2\repository\org\apache\camel\camel-tooling-model\3.17.0\camel-tooling-model-3.17.0.jar;C:\Users\dimitri\.m2\repository\org\apache\camel\camel-util-json\3.17.0\camel-util-json-3.17.0.jar;C:\Users\dimitri\.m2\repository\org\apache\camel\springboot\camel-saga-starter\3.17.0\camel-saga-starter-3.17.0.jar;C:\Users\dimitri\.m2\repository\org\apache\camel\camel-saga\3.17.0\camel-saga-3.17.0.jar;C:\Users\dimitri\.m2\repository\org\apache\camel\springboot\camel-scheduler-starter\3.17.0\camel-scheduler-starter-3.17.0.jar;C:\Users\dimitri\.m2\repository\org\apache\camel\camel-scheduler\3.17.0\camel-scheduler-3.17.0.jar;C:\Users\dimitri\.m2\repository\org\apache\camel\springboot\camel-seda-starter\3.17.0\camel-seda-starter-3.17.0.jar;C:\Users\dimitri\.m2\repository\org\apache\camel\camel-seda\3.17.0\camel-seda-3.17.0.jar;C:\Users\dimitri\.m2\repository\org\apache\camel\springboot\camel-stub-starter\3.17.0\camel-stub-starter-3.17.0.jar;C:\Users\dimitri\.m2\repository\org\apache\camel\camel-stub\3.17.0\camel-stub-3.17.0.jar;C:\Users\dimitri\.m2\repository\org\apache\camel\springboot\camel-timer-starter\3.17.0\camel-timer-starter-3.17.0.jar;C:\Users\dimitri\.m2\repository\org\apache\camel\camel-timer\3.17.0\camel-timer-3.17.0.jar;C:\Users\dimitri\.m2\repository\org\apache\camel\springboot\camel-validator-starter\3.17.0\camel-validator-starter-3.17.0.jar;C:\Users\dimitri\.m2\repository\org\apache\camel\camel-validator\3.17.0\camel-validator-3.17.0.jar;C:\Users\dimitri\.m2\repository\org\apache\camel\springboot\camel-vm-starter\3.17.0\camel-vm-starter-3.17.0.jar;C:\Users\dimitri\.m2\repository\org\apache\camel\camel-vm\3.17.0\camel-vm-3.17.0.jar;C:\Users\dimitri\.m2\repository\org\apache\camel\springboot\camel-xpath-starter\3.17.0\camel-xpath-starter-3.17.0.jar;C:\Users\dimitri\.m2\repository\org\apache\camel\camel-xpath\3.17.0\camel-xpath-3.17.0.jar;C:\Users\dimitri\.m2\repository\org\apache\camel\springboot\camel-xslt-starter\3.17.0\camel-xslt-starter-3.17.0.jar;C:\Users\dimitri\.m2\repository\org\apache\camel\camel-xslt\3.17.0\camel-xslt-3.17.0.jar;C:\Users\dimitri\.m2\repository\org\apache\camel\springboot\camel-xml-jaxp-starter\3.17.0\camel-xml-jaxp-starter-3.17.0.jar;C:\Users\dimitri\.m2\repository\org\apache\camel\camel-xml-jaxp\3.17.0\camel-xml-jaxp-3.17.0.jar;C:\Users\dimitri\.m2\repository\org\apache\camel\camel-xml-io-util\3.17.0\camel-xml-io-util-3.17.0.jar;C:\Users\dimitri\.m2\repository\org\flywaydb\flyway-core\8.0.5\flyway-core-8.0.5.jar;C:\Users\dimitri\.m2\repository\org\springframework\data\spring-data-rest-hal-explorer\3.6.5\spring-data-rest-hal-explorer-3.6.5.jar;C:\Users\dimitri\.m2\repository\org\springframework\data\spring-data-rest-webmvc\3.6.5\spring-data-rest-webmvc-3.6.5.jar;C:\Users\dimitri\.m2\repository\org\springframework\data\spring-data-rest-core\3.6.5\spring-data-rest-core-3.6.5.jar;C:\Users\dimitri\.m2\repository\org\atteo\evo-inflector\1.3\evo-inflector-1.3.jar;C:\Users\dimitri\.m2\repository\com\fasterxml\jackson\core\jackson-annotations\2.13.3\jackson-annotations-2.13.3.jar;C:\Users\dimitri\.m2\repository\org\slf4j\slf4j-api\1.7.36\slf4j-api-1.7.36.jar;C:\Users\dimitri\.m2\repository\org\springframework\kafka\spring-kafka\2.8.7\spring-kafka-2.8.7.jar;C:\Users\dimitri\.m2\repository\org\springframework\spring-context\5.3.21\spring-context-5.3.21.jar;C:\Users\dimitri\.m2\repository\org\springframework\spring-tx\5.3.21\spring-tx-5.3.21.jar;C:\Users\dimitri\.m2\repository\org\springframework\retry\spring-retry\1.3.3\spring-retry-1.3.3.jar;C:\Users\dimitri\.m2\repository\org\apache\kafka\kafka-clients\3.0.1\kafka-clients-3.0.1.jar;C:\Users\dimitri\.m2\repository\com\github\luben\zstd-jni\1.5.0-2\zstd-jni-1.5.0-2.jar;C:\Users\dimitri\.m2\repository\org\lz4\lz4-java\1.7.1\lz4-java-1.7.1.jar;C:\Users\dimitri\.m2\repository\org\xerial\snappy\snappy-java\1.1.8.1\snappy-java-1.1.8.1.jar;C:\Users\dimitri\.m2\repository\com\google\code\findbugs\jsr305\3.0.2\jsr305-3.0.2.jar;C:\Users\dimitri\.m2\repository\org\springframework\boot\spring-boot-devtools\2.6.9\spring-boot-devtools-2.6.9.jar;C:\Users\dimitri\.m2\repository\org\springframework\boot\spring-boot\2.6.9\spring-boot-2.6.9.jar;C:\Users\dimitri\.m2\repository\org\springframework\boot\spring-boot-autoconfigure\2.6.9\spring-boot-autoconfigure-2.6.9.jar;C:\Users\dimitri\.m2\repository\io\micrometer\micrometer-registry-prometheus\1.8.7\micrometer-registry-prometheus-1.8.7.jar;C:\Users\dimitri\.m2\repository\io\prometheus\simpleclient_common\0.12.0\simpleclient_common-0.12.0.jar;C:\Users\dimitri\.m2\repository\io\prometheus\simpleclient\0.12.0\simpleclient-0.12.0.jar;C:\Users\dimitri\.m2\repository\io\prometheus\simpleclient_tracer_otel\0.12.0\simpleclient_tracer_otel-0.12.0.jar;C:\Users\dimitri\.m2\repository\io\prometheus\simpleclient_tracer_common\0.12.0\simpleclient_tracer_common-0.12.0.jar;C:\Users\dimitri\.m2\repository\io\prometheus\simpleclient_tracer_otel_agent\0.12.0\simpleclient_tracer_otel_agent-0.12.0.jar;C:\Users\dimitri\.m2\repository\org\postgresql\postgresql\42.3.6\postgresql-42.3.6.jar;C:\Users\dimitri\.m2\repository\org\checkerframework\checker-qual\3.5.0\checker-qual-3.5.0.jar;C:\Users\dimitri\.m2\repository\org\springframework\boot\spring-boot-configuration-processor\2.6.9\spring-boot-configuration-processor-2.6.9.jar;C:\Users\dimitri\.m2\repository\org\projectlombok\lombok\1.18.24\lombok-1.18.24.jar;C:\Users\dimitri\.m2\repository\org\springframework\boot\spring-boot-starter-test\2.6.9\spring-boot-starter-test-2.6.9.jar;C:\Users\dimitri\.m2\repository\org\springframework\boot\spring-boot-test\2.6.9\spring-boot-test-2.6.9.jar;C:\Users\dimitri\.m2\repository\org\springframework\boot\spring-boot-test-autoconfigure\2.6.9\spring-boot-test-autoconfigure-2.6.9.jar;C:\Users\dimitri\.m2\repository\com\jayway\jsonpath\json-path\2.6.0\json-path-2.6.0.jar;C:\Users\dimitri\.m2\repository\net\minidev\json-smart\2.4.8\json-smart-2.4.8.jar;C:\Users\dimitri\.m2\repository\net\minidev\accessors-smart\2.4.8\accessors-smart-2.4.8.jar;C:\Users\dimitri\.m2\repository\org\ow2\asm\asm\9.1\asm-9.1.jar;C:\Users\dimitri\.m2\repository\jakarta\xml\bind\jakarta.xml.bind-api\2.3.3\jakarta.xml.bind-api-2.3.3.jar;C:\Users\dimitri\.m2\repository\jakarta\activation\jakarta.activation-api\1.2.2\jakarta.activation-api-1.2.2.jar;C:\Users\dimitri\.m2\repository\org\assertj\assertj-core\3.21.0\assertj-core-3.21.0.jar;C:\Users\dimitri\.m2\repository\org\hamcrest\hamcrest\2.2\hamcrest-2.2.jar;C:\Users\dimitri\.m2\repository\org\junit\jupiter\junit-jupiter\5.8.2\junit-jupiter-5.8.2.jar;C:\Users\dimitri\.m2\repository\org\junit\jupiter\junit-jupiter-params\5.8.2\junit-jupiter-params-5.8.2.jar;C:\Users\dimitri\.m2\repository\org\junit\jupiter\junit-jupiter-engine\5.8.2\junit-jupiter-engine-5.8.2.jar;C:\Users\dimitri\.m2\repository\org\junit\platform\junit-platform-engine\1.8.2\junit-platform-engine-1.8.2.jar;C:\Users\dimitri\.m2\repository\org\mockito\mockito-core\4.0.0\mockito-core-4.0.0.jar;C:\Users\dimitri\.m2\repository\net\bytebuddy\byte-buddy-agent\1.11.22\byte-buddy-agent-1.11.22.jar;C:\Users\dimitri\.m2\repository\org\objenesis\objenesis\3.2\objenesis-3.2.jar;C:\Users\dimitri\.m2\repository\org\mockito\mockito-junit-jupiter\4.0.0\mockito-junit-jupiter-4.0.0.jar;C:\Users\dimitri\.m2\repository\org\skyscreamer\jsonassert\1.5.0\jsonassert-1.5.0.jar;C:\Users\dimitri\.m2\repository\com\vaadin\external\google\android-json\0.0.20131108.vaadin1\android-json-0.0.20131108.vaadin1.jar;C:\Users\dimitri\.m2\repository\org\springframework\spring-core\5.3.21\spring-core-5.3.21.jar;C:\Users\dimitri\.m2\repository\org\springframework\spring-jcl\5.3.21\spring-jcl-5.3.21.jar;C:\Users\dimitri\.m2\repository\org\springframework\spring-test\5.3.21\spring-test-5.3.21.jar;C:\Users\dimitri\.m2\repository\org\xmlunit\xmlunit-core\2.8.4\xmlunit-core-2.8.4.jar;C:\Users\dimitri\.m2\repository\org\springframework\amqp\spring-rabbit-test\2.4.6\spring-rabbit-test-2.4.6.jar;C:\Users\dimitri\.m2\repository\org\springframework\amqp\spring-rabbit-junit\2.4.6\spring-rabbit-junit-2.4.6.jar;C:\Users\dimitri\.m2\repository\com\rabbitmq\http-client\3.12.1\http-client-3.12.1.jar;C:\Users\dimitri\.m2\repository\org\codehaus\groovy\groovy\3.0.11\groovy-3.0.11.jar;C:\Users\dimitri\.m2\repository\org\codehaus\groovy\groovy-json\3.0.11\groovy-json-3.0.11.jar;C:\Users\dimitri\.m2\repository\org\hamcrest\hamcrest-library\2.2\hamcrest-library-2.2.jar;C:\Users\dimitri\.m2\repository\org\hamcrest\hamcrest-core\2.2\hamcrest-core-2.2.jar;C:\Users\dimitri\.m2\repository\org\springframework\batch\spring-batch-test\4.3.6\spring-batch-test-4.3.6.jar;C:\Users\dimitri\.m2\repository\junit\junit\4.13.2\junit-4.13.2.jar;C:\Users\dimitri\.m2\repository\org\springframework\spring-jdbc\5.3.21\spring-jdbc-5.3.21.jar;C:\Users\dimitri\.m2\repository\org\springframework\kafka\spring-kafka-test\2.8.7\spring-kafka-test-2.8.7.jar;C:\Users\dimitri\.m2\repository\org\apache\zookeeper\zookeeper\3.6.3\zookeeper-3.6.3.jar;C:\Users\dimitri\.m2\repository\org\apache\zookeeper\zookeeper-jute\3.6.3\zookeeper-jute-3.6.3.jar;C:\Users\dimitri\.m2\repository\org\apache\yetus\audience-annotations\0.5.0\audience-annotations-0.5.0.jar;C:\Users\dimitri\.m2\repository\io\netty\netty-handler\4.1.78.Final\netty-handler-4.1.78.Final.jar;C:\Users\dimitri\.m2\repository\io\netty\netty-common\4.1.78.Final\netty-common-4.1.78.Final.jar;C:\Users\dimitri\.m2\repository\io\netty\netty-resolver\4.1.78.Final\netty-resolver-4.1.78.Final.jar;C:\Users\dimitri\.m2\repository\io\netty\netty-buffer\4.1.78.Final\netty-buffer-4.1.78.Final.jar;C:\Users\dimitri\.m2\repository\io\netty\netty-transport\4.1.78.Final\netty-transport-4.1.78.Final.jar;C:\Users\dimitri\.m2\repository\io\netty\netty-transport-native-unix-common\4.1.78.Final\netty-transport-native-unix-common-4.1.78.Final.jar;C:\Users\dimitri\.m2\repository\io\netty\netty-codec\4.1.78.Final\netty-codec-4.1.78.Final.jar;C:\Users\dimitri\.m2\repository\io\netty\netty-transport-native-epoll\4.1.78.Final\netty-transport-native-epoll-4.1.78.Final.jar;C:\Users\dimitri\.m2\repository\io\netty\netty-transport-classes-epoll\4.1.78.Final\netty-transport-classes-epoll-4.1.78.Final.jar;C:\Users\dimitri\.m2\repository\org\apache\kafka\kafka-clients\3.0.1\kafka-clients-3.0.1-test.jar;C:\Users\dimitri\.m2\repository\org\apache\kafka\kafka-metadata\3.0.1\kafka-metadata-3.0.1.jar;C:\Users\dimitri\.m2\repository\org\apache\kafka\kafka-server-common\3.0.1\kafka-server-common-3.0.1.jar;C:\Users\dimitri\.m2\repository\org\apache\kafka\kafka-raft\3.0.1\kafka-raft-3.0.1.jar;C:\Users\dimitri\.m2\repository\com\yammer\metrics\metrics-core\2.2.0\metrics-core-2.2.0.jar;C:\Users\dimitri\.m2\repository\org\apache\kafka\kafka-streams-test-utils\3.0.1\kafka-streams-test-utils-3.0.1.jar;C:\Users\dimitri\.m2\repository\org\apache\kafka\kafka-streams\3.0.1\kafka-streams-3.0.1.jar;C:\Users\dimitri\.m2\repository\org\rocksdb\rocksdbjni\6.19.3\rocksdbjni-6.19.3.jar;C:\Users\dimitri\.m2\repository\org\apache\kafka\kafka_2.13\3.0.1\kafka_2.13-3.0.1.jar;C:\Users\dimitri\.m2\repository\org\scala-lang\scala-library\2.13.6\scala-library-2.13.6.jar;C:\Users\dimitri\.m2\repository\org\apache\kafka\kafka-storage\3.0.1\kafka-storage-3.0.1.jar;C:\Users\dimitri\.m2\repository\org\apache\kafka\kafka-storage-api\3.0.1\kafka-storage-api-3.0.1.jar;C:\Users\dimitri\.m2\repository\net\sourceforge\argparse4j\argparse4j\0.7.0\argparse4j-0.7.0.jar;C:\Users\dimitri\.m2\repository\com\fasterxml\jackson\module\jackson-module-scala_2.13\2.13.3\jackson-module-scala_2.13-2.13.3.jar;C:\Users\dimitri\.m2\repository\com\thoughtworks\paranamer\paranamer\2.8\paranamer-2.8.jar;C:\Users\dimitri\.m2\repository\com\fasterxml\jackson\dataformat\jackson-dataformat-csv\2.13.3\jackson-dataformat-csv-2.13.3.jar;C:\Users\dimitri\.m2\repository\net\sf\jopt-simple\jopt-simple\5.0.4\jopt-simple-5.0.4.jar;C:\Users\dimitri\.m2\repository\org\scala-lang\modules\scala-collection-compat_2.13\2.4.4\scala-collection-compat_2.13-2.4.4.jar;C:\Users\dimitri\.m2\repository\org\scala-lang\modules\scala-java8-compat_2.13\1.0.0\scala-java8-compat_2.13-1.0.0.jar;C:\Users\dimitri\.m2\repository\org\scala-lang\scala-reflect\2.13.6\scala-reflect-2.13.6.jar;C:\Users\dimitri\.m2\repository\com\typesafe\scala-logging\scala-logging_2.13\3.9.3\scala-logging_2.13-3.9.3.jar;C:\Users\dimitri\.m2\repository\io\dropwizard\metrics\metrics-core\4.2.10\metrics-core-4.2.10.jar;C:\Users\dimitri\.m2\repository\commons-cli\commons-cli\1.4\commons-cli-1.4.jar;C:\Users\dimitri\.m2\repository\org\apache\kafka\kafka_2.13\3.0.1\kafka_2.13-3.0.1-test.jar;C:\Users\dimitri\.m2\repository\org\junit\jupiter\junit-jupiter-api\5.8.2\junit-jupiter-api-5.8.2.jar;C:\Users\dimitri\.m2\repository\org\opentest4j\opentest4j\1.2.0\opentest4j-1.2.0.jar;C:\Users\dimitri\.m2\repository\org\junit\platform\junit-platform-commons\1.8.2\junit-platform-commons-1.8.2.jar;C:\Users\dimitri\.m2\repository\org\apiguardian\apiguardian-api\1.1.2\apiguardian-api-1.1.2.jar;C:\Users\dimitri\.m2\repository\com\h2database\h2\1.4.200\h2-1.4.200.jar;"/>
    <property name="java.vm.vendor" value="Oracle Corporation"/>
    <property name="sun.arch.data.model" value="64"/>
    <property name="user.variant" value=""/>
    <property name="java.vendor.url" value="https://java.oracle.com/"/>
    <property name="user.timezone" value="America/Los_Angeles"/>
    <property name="os.name" value="Windows 10"/>
    <property name="java.vm.specification.version" value="17"/>
    <property name="sun.java.launcher" value="SUN_STANDARD"/>
    <property name="user.country" value="US"/>
    <property name="sun.boot.library.path" value="C:\Program Files\Java\jdk-17.0.2\bin"/>
    <property name="sun.java.command" value="C:\Users\dimitri\AppData\Local\Temp\surefire2287591976955084575\surefirebooter8856585705131034067.jar C:\Users\dimitri\AppData\Local\Temp\surefire2287591976955084575 2022-07-14T21-10-54_720-jvmRun1 surefire13302015888826548688tmp surefire_12977579440443407421tmp"/>
    <property name="jdk.debug" value="release"/>
    <property name="surefire.test.class.path" value="C:\Users\dimitri\workspaces\poc\payments\camel-spring\target\test-classes;C:\Users\dimitri\workspaces\poc\payments\camel-spring\target\classes;C:\Users\dimitri\.m2\repository\org\springframework\boot\spring-boot-starter-actuator\2.6.9\spring-boot-starter-actuator-2.6.9.jar;C:\Users\dimitri\.m2\repository\org\springframework\boot\spring-boot-starter\2.6.9\spring-boot-starter-2.6.9.jar;C:\Users\dimitri\.m2\repository\org\springframework\boot\spring-boot-starter-logging\2.6.9\spring-boot-starter-logging-2.6.9.jar;C:\Users\dimitri\.m2\repository\ch\qos\logback\logback-classic\1.2.11\logback-classic-1.2.11.jar;C:\Users\dimitri\.m2\repository\ch\qos\logback\logback-core\1.2.11\logback-core-1.2.11.jar;C:\Users\dimitri\.m2\repository\org\apache\logging\log4j\log4j-to-slf4j\2.17.2\log4j-to-slf4j-2.17.2.jar;C:\Users\dimitri\.m2\repository\org\apache\logging\log4j\log4j-api\2.17.2\log4j-api-2.17.2.jar;C:\Users\dimitri\.m2\repository\org\slf4j\jul-to-slf4j\1.7.36\jul-to-slf4j-1.7.36.jar;C:\Users\dimitri\.m2\repository\jakarta\annotation\jakarta.annotation-api\1.3.5\jakarta.annotation-api-1.3.5.jar;C:\Users\dimitri\.m2\repository\org\yaml\snakeyaml\1.29\snakeyaml-1.29.jar;C:\Users\dimitri\.m2\repository\org\springframework\boot\spring-boot-actuator-autoconfigure\2.6.9\spring-boot-actuator-autoconfigure-2.6.9.jar;C:\Users\dimitri\.m2\repository\org\springframework\boot\spring-boot-actuator\2.6.9\spring-boot-actuator-2.6.9.jar;C:\Users\dimitri\.m2\repository\com\fasterxml\jackson\core\jackson-databind\2.13.3\jackson-databind-2.13.3.jar;C:\Users\dimitri\.m2\repository\com\fasterxml\jackson\core\jackson-core\2.13.3\jackson-core-2.13.3.jar;C:\Users\dimitri\.m2\repository\com\fasterxml\jackson\datatype\jackson-datatype-jsr310\2.13.3\jackson-datatype-jsr310-2.13.3.jar;C:\Users\dimitri\.m2\repository\io\micrometer\micrometer-core\1.8.7\micrometer-core-1.8.7.jar;C:\Users\dimitri\.m2\repository\org\hdrhistogram\HdrHistogram\2.1.12\HdrHistogram-2.1.12.jar;C:\Users\dimitri\.m2\repository\org\latencyutils\LatencyUtils\2.0.3\LatencyUtils-2.0.3.jar;C:\Users\dimitri\.m2\repository\org\springframework\boot\spring-boot-starter-amqp\2.6.9\spring-boot-starter-amqp-2.6.9.jar;C:\Users\dimitri\.m2\repository\org\springframework\spring-messaging\5.3.21\spring-messaging-5.3.21.jar;C:\Users\dimitri\.m2\repository\org\springframework\spring-beans\5.3.21\spring-beans-5.3.21.jar;C:\Users\dimitri\.m2\repository\org\springframework\amqp\spring-rabbit\2.4.6\spring-rabbit-2.4.6.jar;C:\Users\dimitri\.m2\repository\org\springframework\amqp\spring-amqp\2.4.6\spring-amqp-2.4.6.jar;C:\Users\dimitri\.m2\repository\com\rabbitmq\amqp-client\5.13.1\amqp-client-5.13.1.jar;C:\Users\dimitri\.m2\repository\org\springframework\boot\spring-boot-starter-batch\2.6.9\spring-boot-starter-batch-2.6.9.jar;C:\Users\dimitri\.m2\repository\org\springframework\boot\spring-boot-starter-jdbc\2.6.9\spring-boot-starter-jdbc-2.6.9.jar;C:\Users\dimitri\.m2\repository\com\zaxxer\HikariCP\4.0.3\HikariCP-4.0.3.jar;C:\Users\dimitri\.m2\repository\org\springframework\batch\spring-batch-core\4.3.6\spring-batch-core-4.3.6.jar;C:\Users\dimitri\.m2\repository\javax\batch\javax.batch-api\1.0\javax.batch-api-1.0.jar;C:\Users\dimitri\.m2\repository\org\codehaus\jettison\jettison\1.2\jettison-1.2.jar;C:\Users\dimitri\.m2\repository\org\springframework\batch\spring-batch-infrastructure\4.3.6\spring-batch-infrastructure-4.3.6.jar;C:\Users\dimitri\.m2\repository\org\springframework\spring-aop\5.3.21\spring-aop-5.3.21.jar;C:\Users\dimitri\.m2\repository\org\springframework\boot\spring-boot-starter-freemarker\2.6.9\spring-boot-starter-freemarker-2.6.9.jar;C:\Users\dimitri\.m2\repository\org\freemarker\freemarker\2.3.31\freemarker-2.3.31.jar;C:\Users\dimitri\.m2\repository\org\springframework\spring-context-support\5.3.21\spring-context-support-5.3.21.jar;C:\Users\dimitri\.m2\repository\org\springframework\boot\spring-boot-starter-hateoas\2.6.9\spring-boot-starter-hateoas-2.6.9.jar;C:\Users\dimitri\.m2\repository\org\springframework\hateoas\spring-hateoas\1.4.4\spring-hateoas-1.4.4.jar;C:\Users\dimitri\.m2\repository\org\springframework\plugin\spring-plugin-core\2.0.0.RELEASE\spring-plugin-core-2.0.0.RELEASE.jar;C:\Users\dimitri\.m2\repository\org\springframework\boot\spring-boot-starter-data-jpa\2.6.9\spring-boot-starter-data-jpa-2.6.9.jar;C:\Users\dimitri\.m2\repository\org\springframework\boot\spring-boot-starter-aop\2.6.9\spring-boot-starter-aop-2.6.9.jar;C:\Users\dimitri\.m2\repository\org\aspectj\aspectjweaver\1.9.7\aspectjweaver-1.9.7.jar;C:\Users\dimitri\.m2\repository\jakarta\transaction\jakarta.transaction-api\1.3.3\jakarta.transaction-api-1.3.3.jar;C:\Users\dimitri\.m2\repository\jakarta\persistence\jakarta.persistence-api\2.2.3\jakarta.persistence-api-2.2.3.jar;C:\Users\dimitri\.m2\repository\org\hibernate\hibernate-core\5.6.9.Final\hibernate-core-5.6.9.Final.jar;C:\Users\dimitri\.m2\repository\org\jboss\logging\jboss-logging\3.4.3.Final\jboss-logging-3.4.3.Final.jar;C:\Users\dimitri\.m2\repository\net\bytebuddy\byte-buddy\1.11.22\byte-buddy-1.11.22.jar;C:\Users\dimitri\.m2\repository\antlr\antlr\2.7.7\antlr-2.7.7.jar;C:\Users\dimitri\.m2\repository\org\jboss\jandex\2.4.2.Final\jandex-2.4.2.Final.jar;C:\Users\dimitri\.m2\repository\com\fasterxml\classmate\1.5.1\classmate-1.5.1.jar;C:\Users\dimitri\.m2\repository\org\hibernate\common\hibernate-commons-annotations\5.1.2.Final\hibernate-commons-annotations-5.1.2.Final.jar;C:\Users\dimitri\.m2\repository\org\glassfish\jaxb\jaxb-runtime\2.3.6\jaxb-runtime-2.3.6.jar;C:\Users\dimitri\.m2\repository\org\glassfish\jaxb\txw2\2.3.6\txw2-2.3.6.jar;C:\Users\dimitri\.m2\repository\com\sun\istack\istack-commons-runtime\3.0.12\istack-commons-runtime-3.0.12.jar;C:\Users\dimitri\.m2\repository\org\springframework\data\spring-data-jpa\2.6.5\spring-data-jpa-2.6.5.jar;C:\Users\dimitri\.m2\repository\org\springframework\data\spring-data-commons\2.6.5\spring-data-commons-2.6.5.jar;C:\Users\dimitri\.m2\repository\org\springframework\spring-orm\5.3.21\spring-orm-5.3.21.jar;C:\Users\dimitri\.m2\repository\org\springframework\spring-aspects\5.3.21\spring-aspects-5.3.21.jar;C:\Users\dimitri\.m2\repository\org\springframework\boot\spring-boot-starter-mail\2.6.9\spring-boot-starter-mail-2.6.9.jar;C:\Users\dimitri\.m2\repository\com\sun\mail\jakarta.mail\1.6.7\jakarta.mail-1.6.7.jar;C:\Users\dimitri\.m2\repository\com\sun\activation\jakarta.activation\1.2.2\jakarta.activation-1.2.2.jar;C:\Users\dimitri\.m2\repository\org\springframework\boot\spring-boot-starter-validation\2.6.9\spring-boot-starter-validation-2.6.9.jar;C:\Users\dimitri\.m2\repository\org\apache\tomcat\embed\tomcat-embed-el\9.0.64\tomcat-embed-el-9.0.64.jar;C:\Users\dimitri\.m2\repository\org\hibernate\validator\hibernate-validator\6.2.3.Final\hibernate-validator-6.2.3.Final.jar;C:\Users\dimitri\.m2\repository\jakarta\validation\jakarta.validation-api\2.0.2\jakarta.validation-api-2.0.2.jar;C:\Users\dimitri\.m2\repository\org\springframework\boot\spring-boot-starter-web\2.6.9\spring-boot-starter-web-2.6.9.jar;C:\Users\dimitri\.m2\repository\org\springframework\boot\spring-boot-starter-json\2.6.9\spring-boot-starter-json-2.6.9.jar;C:\Users\dimitri\.m2\repository\com\fasterxml\jackson\datatype\jackson-datatype-jdk8\2.13.3\jackson-datatype-jdk8-2.13.3.jar;C:\Users\dimitri\.m2\repository\com\fasterxml\jackson\module\jackson-module-parameter-names\2.13.3\jackson-module-parameter-names-2.13.3.jar;C:\Users\dimitri\.m2\repository\org\springframework\boot\spring-boot-starter-tomcat\2.6.9\spring-boot-starter-tomcat-2.6.9.jar;C:\Users\dimitri\.m2\repository\org\apache\tomcat\embed\tomcat-embed-core\9.0.64\tomcat-embed-core-9.0.64.jar;C:\Users\dimitri\.m2\repository\org\apache\tomcat\embed\tomcat-embed-websocket\9.0.64\tomcat-embed-websocket-9.0.64.jar;C:\Users\dimitri\.m2\repository\org\springframework\spring-web\5.3.21\spring-web-5.3.21.jar;C:\Users\dimitri\.m2\repository\org\springframework\spring-webmvc\5.3.21\spring-webmvc-5.3.21.jar;C:\Users\dimitri\.m2\repository\org\springframework\spring-expression\5.3.21\spring-expression-5.3.21.jar;C:\Users\dimitri\.m2\repository\org\apache\camel\springboot\camel-spring-boot-starter\3.17.0\camel-spring-boot-starter-3.17.0.jar;C:\Users\dimitri\.m2\repository\org\apache\camel\springboot\camel-spring-boot\3.17.0\camel-spring-boot-3.17.0.jar;C:\Users\dimitri\.m2\repository\org\apache\camel\camel-spring\3.17.0\camel-spring-3.17.0.jar;C:\Users\dimitri\.m2\repository\org\apache\camel\camel-management-api\3.17.0\camel-management-api-3.17.0.jar;C:\Users\dimitri\.m2\repository\org\apache\camel\camel-spring-main\3.17.0\camel-spring-main-3.17.0.jar;C:\Users\dimitri\.m2\repository\org\apache\camel\camel-main\3.17.0\camel-main-3.17.0.jar;C:\Users\dimitri\.m2\repository\org\apache\camel\camel-base\3.17.0\camel-base-3.17.0.jar;C:\Users\dimitri\.m2\repository\org\apache\camel\camel-core-languages\3.17.0\camel-core-languages-3.17.0.jar;C:\Users\dimitri\.m2\repository\org\apache\camel\camel-xml-jaxb-dsl\3.17.0\camel-xml-jaxb-dsl-3.17.0.jar;C:\Users\dimitri\.m2\repository\org\apache\camel\camel-xml-jaxb\3.17.0\camel-xml-jaxb-3.17.0.jar;C:\Users\dimitri\.m2\repository\com\sun\xml\bind\jaxb-core\2.3.0\jaxb-core-2.3.0.jar;C:\Users\dimitri\.m2\repository\com\sun\xml\bind\jaxb-impl\2.3.3\jaxb-impl-2.3.3.jar;C:\Users\dimitri\.m2\repository\org\apache\camel\camel-dsl-support\3.17.0\camel-dsl-support-3.17.0.jar;C:\Users\dimitri\.m2\repository\org\apache\camel\camel-spring-xml\3.17.0\camel-spring-xml-3.17.0.jar;C:\Users\dimitri\.m2\repository\org\apache\camel\camel-core-xml\3.17.0\camel-core-xml-3.17.0.jar;C:\Users\dimitri\.m2\repository\javax\annotation\javax.annotation-api\1.3.2\javax.annotation-api-1.3.2.jar;C:\Users\dimitri\.m2\repository\org\apache\camel\camel-cloud\3.17.0\camel-cloud-3.17.0.jar;C:\Users\dimitri\.m2\repository\org\apache\camel\camel-core-model\3.17.0\camel-core-model-3.17.0.jar;C:\Users\dimitri\.m2\repository\org\apache\camel\camel-core-processor\3.17.0\camel-core-processor-3.17.0.jar;C:\Users\dimitri\.m2\repository\org\apache\camel\camel-cluster\3.17.0\camel-cluster-3.17.0.jar;C:\Users\dimitri\.m2\repository\org\apache\camel\camel-base-engine\3.17.0\camel-base-engine-3.17.0.jar;C:\Users\dimitri\.m2\repository\org\apache\camel\camel-health\3.17.0\camel-health-3.17.0.jar;C:\Users\dimitri\.m2\repository\org\apache\camel\springboot\camel-core-starter\3.17.0\camel-core-starter-3.17.0.jar;C:\Users\dimitri\.m2\repository\org\apache\camel\camel-core-engine\3.17.0\camel-core-engine-3.17.0.jar;C:\Users\dimitri\.m2\repository\org\apache\camel\camel-api\3.17.0\camel-api-3.17.0.jar;C:\Users\dimitri\.m2\repository\org\apache\camel\camel-core-reifier\3.17.0\camel-core-reifier-3.17.0.jar;C:\Users\dimitri\.m2\repository\org\apache\camel\camel-support\3.17.0\camel-support-3.17.0.jar;C:\Users\dimitri\.m2\repository\org\apache\camel\camel-util\3.17.0\camel-util-3.17.0.jar;C:\Users\dimitri\.m2\repository\org\apache\camel\springboot\camel-bean-starter\3.17.0\camel-bean-starter-3.17.0.jar;C:\Users\dimitri\.m2\repository\org\apache\camel\camel-bean\3.17.0\camel-bean-3.17.0.jar;C:\Users\dimitri\.m2\repository\org\apache\camel\springboot\camel-browse-starter\3.17.0\camel-browse-starter-3.17.0.jar;C:\Users\dimitri\.m2\repository\org\apache\camel\camel-browse\3.17.0\camel-browse-3.17.0.jar;C:\Users\dimitri\.m2\repository\org\apache\camel\springboot\camel-controlbus-starter\3.17.0\camel-controlbus-starter-3.17.0.jar;C:\Users\dimitri\.m2\repository\org\apache\camel\camel-controlbus\3.17.0\camel-controlbus-3.17.0.jar;C:\Users\dimitri\.m2\repository\org\apache\camel\springboot\camel-dataformat-starter\3.17.0\camel-dataformat-starter-3.17.0.jar;C:\Users\dimitri\.m2\repository\org\apache\camel\camel-dataformat\3.17.0\camel-dataformat-3.17.0.jar;C:\Users\dimitri\.m2\repository\org\apache\camel\springboot\camel-dataset-starter\3.17.0\camel-dataset-starter-3.17.0.jar;C:\Users\dimitri\.m2\repository\org\apache\camel\camel-dataset\3.17.0\camel-dataset-3.17.0.jar;C:\Users\dimitri\.m2\repository\org\apache\camel\springboot\camel-direct-starter\3.17.0\camel-direct-starter-3.17.0.jar;C:\Users\dimitri\.m2\repository\org\apache\camel\camel-direct\3.17.0\camel-direct-3.17.0.jar;C:\Users\dimitri\.m2\repository\org\apache\camel\springboot\camel-directvm-starter\3.17.0\camel-directvm-starter-3.17.0.jar;C:\Users\dimitri\.m2\repository\org\apache\camel\camel-directvm\3.17.0\camel-directvm-3.17.0.jar;C:\Users\dimitri\.m2\repository\org\apache\camel\springboot\camel-file-starter\3.17.0\camel-file-starter-3.17.0.jar;C:\Users\dimitri\.m2\repository\org\apache\camel\camel-file\3.17.0\camel-file-3.17.0.jar;C:\Users\dimitri\.m2\repository\org\apache\camel\springboot\camel-language-starter\3.17.0\camel-language-starter-3.17.0.jar;C:\Users\dimitri\.m2\repository\org\apache\camel\camel-language\3.17.0\camel-language-3.17.0.jar;C:\Users\dimitri\.m2\repository\org\apache\camel\springboot\camel-log-starter\3.17.0\camel-log-starter-3.17.0.jar;C:\Users\dimitri\.m2\repository\org\apache\camel\camel-log\3.17.0\camel-log-3.17.0.jar;C:\Users\dimitri\.m2\repository\org\apache\camel\springboot\camel-mock-starter\3.17.0\camel-mock-starter-3.17.0.jar;C:\Users\dimitri\.m2\repository\org\apache\camel\camel-mock\3.17.0\camel-mock-3.17.0.jar;C:\Users\dimitri\.m2\repository\org\apache\camel\springboot\camel-ref-starter\3.17.0\camel-ref-starter-3.17.0.jar;C:\Users\dimitri\.m2\repository\org\apache\camel\camel-ref\3.17.0\camel-ref-3.17.0.jar;C:\Users\dimitri\.m2\repository\org\apache\camel\springboot\camel-rest-starter\3.17.0\camel-rest-starter-3.17.0.jar;C:\Users\dimitri\.m2\repository\org\apache\camel\camel-rest\3.17.0\camel-rest-3.17.0.jar;C:\Users\dimitri\.m2\repository\org\apache\camel\camel-tooling-model\3.17.0\camel-tooling-model-3.17.0.jar;C:\Users\dimitri\.m2\repository\org\apache\camel\camel-util-json\3.17.0\camel-util-json-3.17.0.jar;C:\Users\dimitri\.m2\repository\org\apache\camel\springboot\camel-saga-starter\3.17.0\camel-saga-starter-3.17.0.jar;C:\Users\dimitri\.m2\repository\org\apache\camel\camel-saga\3.17.0\camel-saga-3.17.0.jar;C:\Users\dimitri\.m2\repository\org\apache\camel\springboot\camel-scheduler-starter\3.17.0\camel-scheduler-starter-3.17.0.jar;C:\Users\dimitri\.m2\repository\org\apache\camel\camel-scheduler\3.17.0\camel-scheduler-3.17.0.jar;C:\Users\dimitri\.m2\repository\org\apache\camel\springboot\camel-seda-starter\3.17.0\camel-seda-starter-3.17.0.jar;C:\Users\dimitri\.m2\repository\org\apache\camel\camel-seda\3.17.0\camel-seda-3.17.0.jar;C:\Users\dimitri\.m2\repository\org\apache\camel\springboot\camel-stub-starter\3.17.0\camel-stub-starter-3.17.0.jar;C:\Users\dimitri\.m2\repository\org\apache\camel\camel-stub\3.17.0\camel-stub-3.17.0.jar;C:\Users\dimitri\.m2\repository\org\apache\camel\springboot\camel-timer-starter\3.17.0\camel-timer-starter-3.17.0.jar;C:\Users\dimitri\.m2\repository\org\apache\camel\camel-timer\3.17.0\camel-timer-3.17.0.jar;C:\Users\dimitri\.m2\repository\org\apache\camel\springboot\camel-validator-starter\3.17.0\camel-validator-starter-3.17.0.jar;C:\Users\dimitri\.m2\repository\org\apache\camel\camel-validator\3.17.0\camel-validator-3.17.0.jar;C:\Users\dimitri\.m2\repository\org\apache\camel\springboot\camel-vm-starter\3.17.0\camel-vm-starter-3.17.0.jar;C:\Users\dimitri\.m2\repository\org\apache\camel\camel-vm\3.17.0\camel-vm-3.17.0.jar;C:\Users\dimitri\.m2\repository\org\apache\camel\springboot\camel-xpath-starter\3.17.0\camel-xpath-starter-3.17.0.jar;C:\Users\dimitri\.m2\repository\org\apache\camel\camel-xpath\3.17.0\camel-xpath-3.17.0.jar;C:\Users\dimitri\.m2\repository\org\apache\camel\springboot\camel-xslt-starter\3.17.0\camel-xslt-starter-3.17.0.jar;C:\Users\dimitri\.m2\repository\org\apache\camel\camel-xslt\3.17.0\camel-xslt-3.17.0.jar;C:\Users\dimitri\.m2\repository\org\apache\camel\springboot\camel-xml-jaxp-starter\3.17.0\camel-xml-jaxp-starter-3.17.0.jar;C:\Users\dimitri\.m2\repository\org\apache\camel\camel-xml-jaxp\3.17.0\camel-xml-jaxp-3.17.0.jar;C:\Users\dimitri\.m2\repository\org\apache\camel\camel-xml-io-util\3.17.0\camel-xml-io-util-3.17.0.jar;C:\Users\dimitri\.m2\repository\org\flywaydb\flyway-core\8.0.5\flyway-core-8.0.5.jar;C:\Users\dimitri\.m2\repository\org\springframework\data\spring-data-rest-hal-explorer\3.6.5\spring-data-rest-hal-explorer-3.6.5.jar;C:\Users\dimitri\.m2\repository\org\springframework\data\spring-data-rest-webmvc\3.6.5\spring-data-rest-webmvc-3.6.5.jar;C:\Users\dimitri\.m2\repository\org\springframework\data\spring-data-rest-core\3.6.5\spring-data-rest-core-3.6.5.jar;C:\Users\dimitri\.m2\repository\org\atteo\evo-inflector\1.3\evo-inflector-1.3.jar;C:\Users\dimitri\.m2\repository\com\fasterxml\jackson\core\jackson-annotations\2.13.3\jackson-annotations-2.13.3.jar;C:\Users\dimitri\.m2\repository\org\slf4j\slf4j-api\1.7.36\slf4j-api-1.7.36.jar;C:\Users\dimitri\.m2\repository\org\springframework\kafka\spring-kafka\2.8.7\spring-kafka-2.8.7.jar;C:\Users\dimitri\.m2\repository\org\springframework\spring-context\5.3.21\spring-context-5.3.21.jar;C:\Users\dimitri\.m2\repository\org\springframework\spring-tx\5.3.21\spring-tx-5.3.21.jar;C:\Users\dimitri\.m2\repository\org\springframework\retry\spring-retry\1.3.3\spring-retry-1.3.3.jar;C:\Users\dimitri\.m2\repository\org\apache\kafka\kafka-clients\3.0.1\kafka-clients-3.0.1.jar;C:\Users\dimitri\.m2\repository\com\github\luben\zstd-jni\1.5.0-2\zstd-jni-1.5.0-2.jar;C:\Users\dimitri\.m2\repository\org\lz4\lz4-java\1.7.1\lz4-java-1.7.1.jar;C:\Users\dimitri\.m2\repository\org\xerial\snappy\snappy-java\1.1.8.1\snappy-java-1.1.8.1.jar;C:\Users\dimitri\.m2\repository\com\google\code\findbugs\jsr305\3.0.2\jsr305-3.0.2.jar;C:\Users\dimitri\.m2\repository\org\springframework\boot\spring-boot-devtools\2.6.9\spring-boot-devtools-2.6.9.jar;C:\Users\dimitri\.m2\repository\org\springframework\boot\spring-boot\2.6.9\spring-boot-2.6.9.jar;C:\Users\dimitri\.m2\repository\org\springframework\boot\spring-boot-autoconfigure\2.6.9\spring-boot-autoconfigure-2.6.9.jar;C:\Users\dimitri\.m2\repository\io\micrometer\micrometer-registry-prometheus\1.8.7\micrometer-registry-prometheus-1.8.7.jar;C:\Users\dimitri\.m2\repository\io\prometheus\simpleclient_common\0.12.0\simpleclient_common-0.12.0.jar;C:\Users\dimitri\.m2\repository\io\prometheus\simpleclient\0.12.0\simpleclient-0.12.0.jar;C:\Users\dimitri\.m2\repository\io\prometheus\simpleclient_tracer_otel\0.12.0\simpleclient_tracer_otel-0.12.0.jar;C:\Users\dimitri\.m2\repository\io\prometheus\simpleclient_tracer_common\0.12.0\simpleclient_tracer_common-0.12.0.jar;C:\Users\dimitri\.m2\repository\io\prometheus\simpleclient_tracer_otel_agent\0.12.0\simpleclient_tracer_otel_agent-0.12.0.jar;C:\Users\dimitri\.m2\repository\org\postgresql\postgresql\42.3.6\postgresql-42.3.6.jar;C:\Users\dimitri\.m2\repository\org\checkerframework\checker-qual\3.5.0\checker-qual-3.5.0.jar;C:\Users\dimitri\.m2\repository\org\springframework\boot\spring-boot-configuration-processor\2.6.9\spring-boot-configuration-processor-2.6.9.jar;C:\Users\dimitri\.m2\repository\org\projectlombok\lombok\1.18.24\lombok-1.18.24.jar;C:\Users\dimitri\.m2\repository\org\springframework\boot\spring-boot-starter-test\2.6.9\spring-boot-starter-test-2.6.9.jar;C:\Users\dimitri\.m2\repository\org\springframework\boot\spring-boot-test\2.6.9\spring-boot-test-2.6.9.jar;C:\Users\dimitri\.m2\repository\org\springframework\boot\spring-boot-test-autoconfigure\2.6.9\spring-boot-test-autoconfigure-2.6.9.jar;C:\Users\dimitri\.m2\repository\com\jayway\jsonpath\json-path\2.6.0\json-path-2.6.0.jar;C:\Users\dimitri\.m2\repository\net\minidev\json-smart\2.4.8\json-smart-2.4.8.jar;C:\Users\dimitri\.m2\repository\net\minidev\accessors-smart\2.4.8\accessors-smart-2.4.8.jar;C:\Users\dimitri\.m2\repository\org\ow2\asm\asm\9.1\asm-9.1.jar;C:\Users\dimitri\.m2\repository\jakarta\xml\bind\jakarta.xml.bind-api\2.3.3\jakarta.xml.bind-api-2.3.3.jar;C:\Users\dimitri\.m2\repository\jakarta\activation\jakarta.activation-api\1.2.2\jakarta.activation-api-1.2.2.jar;C:\Users\dimitri\.m2\repository\org\assertj\assertj-core\3.21.0\assertj-core-3.21.0.jar;C:\Users\dimitri\.m2\repository\org\hamcrest\hamcrest\2.2\hamcrest-2.2.jar;C:\Users\dimitri\.m2\repository\org\junit\jupiter\junit-jupiter\5.8.2\junit-jupiter-5.8.2.jar;C:\Users\dimitri\.m2\repository\org\junit\jupiter\junit-jupiter-params\5.8.2\junit-jupiter-params-5.8.2.jar;C:\Users\dimitri\.m2\repository\org\junit\jupiter\junit-jupiter-engine\5.8.2\junit-jupiter-engine-5.8.2.jar;C:\Users\dimitri\.m2\repository\org\junit\platform\junit-platform-engine\1.8.2\junit-platform-engine-1.8.2.jar;C:\Users\dimitri\.m2\repository\org\mockito\mockito-core\4.0.0\mockito-core-4.0.0.jar;C:\Users\dimitri\.m2\repository\net\bytebuddy\byte-buddy-agent\1.11.22\byte-buddy-agent-1.11.22.jar;C:\Users\dimitri\.m2\repository\org\objenesis\objenesis\3.2\objenesis-3.2.jar;C:\Users\dimitri\.m2\repository\org\mockito\mockito-junit-jupiter\4.0.0\mockito-junit-jupiter-4.0.0.jar;C:\Users\dimitri\.m2\repository\org\skyscreamer\jsonassert\1.5.0\jsonassert-1.5.0.jar;C:\Users\dimitri\.m2\repository\com\vaadin\external\google\android-json\0.0.20131108.vaadin1\android-json-0.0.20131108.vaadin1.jar;C:\Users\dimitri\.m2\repository\org\springframework\spring-core\5.3.21\spring-core-5.3.21.jar;C:\Users\dimitri\.m2\repository\org\springframework\spring-jcl\5.3.21\spring-jcl-5.3.21.jar;C:\Users\dimitri\.m2\repository\org\springframework\spring-test\5.3.21\spring-test-5.3.21.jar;C:\Users\dimitri\.m2\repository\org\xmlunit\xmlunit-core\2.8.4\xmlunit-core-2.8.4.jar;C:\Users\dimitri\.m2\repository\org\springframework\amqp\spring-rabbit-test\2.4.6\spring-rabbit-test-2.4.6.jar;C:\Users\dimitri\.m2\repository\org\springframework\amqp\spring-rabbit-junit\2.4.6\spring-rabbit-junit-2.4.6.jar;C:\Users\dimitri\.m2\repository\com\rabbitmq\http-client\3.12.1\http-client-3.12.1.jar;C:\Users\dimitri\.m2\repository\org\codehaus\groovy\groovy\3.0.11\groovy-3.0.11.jar;C:\Users\dimitri\.m2\repository\org\codehaus\groovy\groovy-json\3.0.11\groovy-json-3.0.11.jar;C:\Users\dimitri\.m2\repository\org\hamcrest\hamcrest-library\2.2\hamcrest-library-2.2.jar;C:\Users\dimitri\.m2\repository\org\hamcrest\hamcrest-core\2.2\hamcrest-core-2.2.jar;C:\Users\dimitri\.m2\repository\org\springframework\batch\spring-batch-test\4.3.6\spring-batch-test-4.3.6.jar;C:\Users\dimitri\.m2\repository\junit\junit\4.13.2\junit-4.13.2.jar;C:\Users\dimitri\.m2\repository\org\springframework\spring-jdbc\5.3.21\spring-jdbc-5.3.21.jar;C:\Users\dimitri\.m2\repository\org\springframework\kafka\spring-kafka-test\2.8.7\spring-kafka-test-2.8.7.jar;C:\Users\dimitri\.m2\repository\org\apache\zookeeper\zookeeper\3.6.3\zookeeper-3.6.3.jar;C:\Users\dimitri\.m2\repository\org\apache\zookeeper\zookeeper-jute\3.6.3\zookeeper-jute-3.6.3.jar;C:\Users\dimitri\.m2\repository\org\apache\yetus\audience-annotations\0.5.0\audience-annotations-0.5.0.jar;C:\Users\dimitri\.m2\repository\io\netty\netty-handler\4.1.78.Final\netty-handler-4.1.78.Final.jar;C:\Users\dimitri\.m2\repository\io\netty\netty-common\4.1.78.Final\netty-common-4.1.78.Final.jar;C:\Users\dimitri\.m2\repository\io\netty\netty-resolver\4.1.78.Final\netty-resolver-4.1.78.Final.jar;C:\Users\dimitri\.m2\repository\io\netty\netty-buffer\4.1.78.Final\netty-buffer-4.1.78.Final.jar;C:\Users\dimitri\.m2\repository\io\netty\netty-transport\4.1.78.Final\netty-transport-4.1.78.Final.jar;C:\Users\dimitri\.m2\repository\io\netty\netty-transport-native-unix-common\4.1.78.Final\netty-transport-native-unix-common-4.1.78.Final.jar;C:\Users\dimitri\.m2\repository\io\netty\netty-codec\4.1.78.Final\netty-codec-4.1.78.Final.jar;C:\Users\dimitri\.m2\repository\io\netty\netty-transport-native-epoll\4.1.78.Final\netty-transport-native-epoll-4.1.78.Final.jar;C:\Users\dimitri\.m2\repository\io\netty\netty-transport-classes-epoll\4.1.78.Final\netty-transport-classes-epoll-4.1.78.Final.jar;C:\Users\dimitri\.m2\repository\org\apache\kafka\kafka-clients\3.0.1\kafka-clients-3.0.1-test.jar;C:\Users\dimitri\.m2\repository\org\apache\kafka\kafka-metadata\3.0.1\kafka-metadata-3.0.1.jar;C:\Users\dimitri\.m2\repository\org\apache\kafka\kafka-server-common\3.0.1\kafka-server-common-3.0.1.jar;C:\Users\dimitri\.m2\repository\org\apache\kafka\kafka-raft\3.0.1\kafka-raft-3.0.1.jar;C:\Users\dimitri\.m2\repository\com\yammer\metrics\metrics-core\2.2.0\metrics-core-2.2.0.jar;C:\Users\dimitri\.m2\repository\org\apache\kafka\kafka-streams-test-utils\3.0.1\kafka-streams-test-utils-3.0.1.jar;C:\Users\dimitri\.m2\repository\org\apache\kafka\kafka-streams\3.0.1\kafka-streams-3.0.1.jar;C:\Users\dimitri\.m2\repository\org\rocksdb\rocksdbjni\6.19.3\rocksdbjni-6.19.3.jar;C:\Users\dimitri\.m2\repository\org\apache\kafka\kafka_2.13\3.0.1\kafka_2.13-3.0.1.jar;C:\Users\dimitri\.m2\repository\org\scala-lang\scala-library\2.13.6\scala-library-2.13.6.jar;C:\Users\dimitri\.m2\repository\org\apache\kafka\kafka-storage\3.0.1\kafka-storage-3.0.1.jar;C:\Users\dimitri\.m2\repository\org\apache\kafka\kafka-storage-api\3.0.1\kafka-storage-api-3.0.1.jar;C:\Users\dimitri\.m2\repository\net\sourceforge\argparse4j\argparse4j\0.7.0\argparse4j-0.7.0.jar;C:\Users\dimitri\.m2\repository\com\fasterxml\jackson\module\jackson-module-scala_2.13\2.13.3\jackson-module-scala_2.13-2.13.3.jar;C:\Users\dimitri\.m2\repository\com\thoughtworks\paranamer\paranamer\2.8\paranamer-2.8.jar;C:\Users\dimitri\.m2\repository\com\fasterxml\jackson\dataformat\jackson-dataformat-csv\2.13.3\jackson-dataformat-csv-2.13.3.jar;C:\Users\dimitri\.m2\repository\net\sf\jopt-simple\jopt-simple\5.0.4\jopt-simple-5.0.4.jar;C:\Users\dimitri\.m2\repository\org\scala-lang\modules\scala-collection-compat_2.13\2.4.4\scala-collection-compat_2.13-2.4.4.jar;C:\Users\dimitri\.m2\repository\org\scala-lang\modules\scala-java8-compat_2.13\1.0.0\scala-java8-compat_2.13-1.0.0.jar;C:\Users\dimitri\.m2\repository\org\scala-lang\scala-reflect\2.13.6\scala-reflect-2.13.6.jar;C:\Users\dimitri\.m2\repository\com\typesafe\scala-logging\scala-logging_2.13\3.9.3\scala-logging_2.13-3.9.3.jar;C:\Users\dimitri\.m2\repository\io\dropwizard\metrics\metrics-core\4.2.10\metrics-core-4.2.10.jar;C:\Users\dimitri\.m2\repository\commons-cli\commons-cli\1.4\commons-cli-1.4.jar;C:\Users\dimitri\.m2\repository\org\apache\kafka\kafka_2.13\3.0.1\kafka_2.13-3.0.1-test.jar;C:\Users\dimitri\.m2\repository\org\junit\jupiter\junit-jupiter-api\5.8.2\junit-jupiter-api-5.8.2.jar;C:\Users\dimitri\.m2\repository\org\opentest4j\opentest4j\1.2.0\opentest4j-1.2.0.jar;C:\Users\dimitri\.m2\repository\org\junit\platform\junit-platform-commons\1.8.2\junit-platform-commons-1.8.2.jar;C:\Users\dimitri\.m2\repository\org\apiguardian\apiguardian-api\1.1.2\apiguardian-api-1.1.2.jar;C:\Users\dimitri\.m2\repository\com\h2database\h2\1.4.200\h2-1.4.200.jar;"/>
    <property name="sun.cpu.endian" value="little"/>
    <property name="user.home" value="C:\Users\dimitri"/>
    <property name="user.language" value="en"/>
    <property name="java.specification.vendor" value="Oracle Corporation"/>
    <property name="java.version.date" value="2022-01-18"/>
    <property name="java.home" value="C:\Program Files\Java\jdk-17.0.2"/>
    <property name="file.separator" value="\"/>
    <property name="basedir" value="C:\Users\dimitri\workspaces\poc\payments\camel-spring"/>
    <property name="java.vm.compressedOopsMode" value="Zero based"/>
    <property name="line.separator" value="&#10;"/>
    <property name="java.vm.specification.vendor" value="Oracle Corporation"/>
    <property name="java.specification.name" value="Java Platform API Specification"/>
    <property name="surefire.real.class.path" value="C:\Users\dimitri\AppData\Local\Temp\surefire2287591976955084575\surefirebooter8856585705131034067.jar"/>
    <property name="user.script" value=""/>
    <property name="sun.management.compiler" value="HotSpot 64-Bit Tiered Compilers"/>
    <property name="java.runtime.version" value="17.0.2+8-LTS-86"/>
    <property name="user.name" value="dimitri"/>
    <property name="path.separator" value=";"/>
    <property name="os.version" value="10.0"/>
    <property name="java.runtime.name" value="Java(TM) SE Runtime Environment"/>
    <property name="file.encoding" value="Cp1252"/>
    <property name="java.vm.name" value="Java HotSpot(TM) 64-Bit Server VM"/>
    <property name="localRepository" value="C:\Users\dimitri\.m2\repository"/>
    <property name="java.vendor.url.bug" value="https://bugreport.java.com/bugreport/"/>
    <property name="java.io.tmpdir" value="C:\Users\dimitri\AppData\Local\Temp\"/>
    <property name="java.version" value="17.0.2"/>
    <property name="user.dir" value="C:\Users\dimitri\workspaces\poc\payments\camel-spring"/>
    <property name="os.arch" value="amd64"/>
    <property name="java.vm.specification.name" value="Java Virtual Machine Specification"/>
    <property name="sun.os.patch.level" value=""/>
    <property name="native.encoding" value="Cp1252"/>
    <property name="java.library.path" value="C:\Program Files\Java\jdk-17.0.2\bin;C:\WINDOWS\Sun\Java\bin;C:\WINDOWS\system32;C:\WINDOWS;C:\Users\dimitri\bin;C:\Program Files\Git\mingw64\bin;C:\Program Files\Git\usr\local\bin;C:\Program Files\Git\usr\bin;C:\Program Files\Git\usr\bin;C:\Program Files\Git\mingw64\bin;C:\Program Files\Git\usr\bin;C:\Users\dimitri\bin;C:\Program Files\Common Files\Oracle\Java\javapath;C:\WINDOWS\system32;C:\WINDOWS;C:\WINDOWS\System32\Wbem;C:\WINDOWS\System32\WindowsPowerShell\v1.0;C:\WINDOWS\System32\OpenSSH;C:\Program Files\Intel\WiFi\bin;C:\Program Files\Common Files\Intel\WirelessCommon;C:\Program Files\Git\cmd;C:\Program Files\TortoiseSVN\bin;C:\Program Files\NVIDIA Corporation\NVIDIA NvDLISR;C:\Program Files\Amazon\AWSCLIV2;C:\Program Files\TortoiseGit\bin;C:\Program Files\nodejs;C:\Program Files\dotnet;C:\Program Files\Pandoc;C:\Program Files\Docker\Docker\resources\bin;C:\ProgramData\DockerDesktop\version-bin;C:\Program Files (x86)\GnuPG\bin;C:\Program Files\Java\jdk-17.0.2\bin;C:\Program Files\apache-maven-3.8.4\bin;C:\Users\dimitri\AppData\Local\Programs\MiKTeX\miktex\bin\x64;C:\Program Files\Graphviz\bin;C:\Users\dimitri\bin;C:\Program Files\Common Files\Oracle\Java\javapath;C:\WINDOWS\system32;C:\WINDOWS;C:\WINDOWS\System32\Wbem;C:\WINDOWS\System32\WindowsPowerShell\v1.0;C:\WINDOWS\System32\OpenSSH;C:\Program Files\Intel\WiFi\bin;C:\Program Files\Common Files\Intel\WirelessCommon;C:\Program Files\Git\cmd;C:\Program Files\TortoiseSVN\bin;C:\Program Files\NVIDIA Corporation\NVIDIA NvDLISR;C:\Program Files\Docker\Docker\resources\bin;C:\ProgramData\DockerDesktop\version-bin;C:\Program Files\Amazon\AWSCLIV2;C:\Program Files\TortoiseGit\bin;C:\Program Files\nodejs;C:\Program Files (x86)\GnuPG\bin;C:\Program Files\Java\jdk-17.0.2\bin;C:\Program Files\apache-maven-3.8.4\bin;C:\Users\dimitri\AppData\Local\Programs\MiKTeX\miktex\bin\x64;C:\Program Files\Graphviz\bin;C:\Users\dimitri\bin;C:\Program Files\Common ;C:\Program Files\Git\usr\bin\vendor_perl;C:\Program Files\Git\usr\bin\core_perl;."/>
    <property name="java.vm.info" value="mixed mode, sharing"/>
    <property name="java.vendor" value="Oracle Corporation"/>
    <property name="java.vm.version" value="17.0.2+8-LTS-86"/>
    <property name="sun.io.unicode.encoding" value="UnicodeLittle"/>
    <property name="java.class.version" value="61.0"/>
  </properties>
  <testcase name="process" classname="com.tecacet.payments.CamelRoutesTest" time="0.457"/>
</testsuite>